Arguments: 
  /usr/local/bin/node /usr/local/bin/yarn add @materil-ui/core

PATH: 
  /usr/local/opt/mongodb-community@3.6/bin:/usr/local/bin:/usr/bin:/bin:/usr/sbin:/sbin:/Library/Apple/usr/bin:/Library/Frameworks/Mono.framework/Versions/Current/Commands:/usr/local/opt/mongodb-community@3.6/bin:/Users/jordy/.cargo/bin

Yarn version: 
  1.22.4

Node version: 
  12.18.2

Platform: 
  darwin x64

Trace: 
  Error: https://registry.yarnpkg.com/@materil-ui%2fcore: Not found
      at Request.params.callback [as _callback] (/usr/local/lib/node_modules/yarn/lib/cli.js:66987:18)
      at Request.self.callback (/usr/local/lib/node_modules/yarn/lib/cli.js:140748:22)
      at Request.emit (events.js:315:20)
      at Request.<anonymous> (/usr/local/lib/node_modules/yarn/lib/cli.js:141720:10)
      at Request.emit (events.js:315:20)
      at IncomingMessage.<anonymous> (/usr/local/lib/node_modules/yarn/lib/cli.js:141642:12)
      at Object.onceWrapper (events.js:421:28)
      at IncomingMessage.emit (events.js:327:22)
      at endReadableNT (_stream_readable.js:1221:12)
      at processTicksAndRejections (internal/process/task_queues.js:84:21)

npm manifest: 
  {
    "name": "@formbird/jd-text-box",
    "version": "1.0.0",
    "private": true,
    "scripts": {
      "test": "echo \"Error: no test specified\" && exit 1",
      "build": "webpack",
      "watch": "webpack --watch"
    },
    "devDependencies": {
      "ts-loader": "8.0.14",
      "typescript": "4.1.3",
      "webpack": "5.14.0",
      "webpack-cli": "4.3.1"
    },
    "dependencies": {
      "@formbird/types": "~3.3.2-next.21",
      "react": "17.0.1",
      "react-dom": "17.0.1"
    }
  }

yarn manifest: 
  No manifest

Lockfile: 
  No lockfile
